[12:03:10] [main/INFO] (FabricLoader/GameProvider) Loading Minecraft 1.20.1 with Fabric Loader 0.15.7
[12:03:10] [ForkJoinPool-1-worker-1/WARN] (FabricLoader/Metadata) Mod blockrail uses the version version which isn't compatible with Loader's extended semantic version format (Could not parse version number component 'version'!), SemVer is recommended for reliably evaluating dependencies and prioritizing newer version
[12:03:10] [main/INFO] (FabricLoader) Loading 92 mods:
	- blockrail version
	- create 0.5.1-f-build.1335+mc1.20.1
	- dripstone_fluid_lib 3.0.2
	- fabric-api 0.92.0+1.20.1
	- fabric-api-base 0.4.31+1802ada577
	- fabric-api-lookup-api-v1 1.6.36+1802ada577
	- fabric-biome-api-v1 13.0.13+1802ada577
	- fabric-block-api-v1 1.0.11+1802ada577
	- fabric-block-view-api-v2 1.0.1+1802ada577
	- fabric-blockrenderlayer-v1 1.1.41+1802ada577
	- fabric-client-tags-api-v1 1.1.2+1802ada577
	- fabric-command-api-v1 1.2.34+f71b366f77
	- fabric-command-api-v2 2.2.13+1802ada577
	- fabric-commands-v0 0.2.51+df3654b377
	- fabric-containers-v0 0.1.64+df3654b377
	- fabric-content-registries-v0 4.0.11+1802ada577
	- fabric-convention-tags-v1 1.5.5+1802ada577
	- fabric-crash-report-info-v1 0.2.19+1802ada577
	- fabric-data-attachment-api-v1 1.0.0+de0fd6d177
	- fabric-data-generation-api-v1 12.3.4+1802ada577
	- fabric-dimensions-v1 2.1.54+1802ada577
	- fabric-entity-events-v1 1.6.0+1c78457f77
	- fabric-events-interaction-v0 0.6.2+1802ada577
	- fabric-events-lifecycle-v0 0.2.63+df3654b377
	- fabric-game-rule-api-v1 1.0.40+1802ada577
	- fabric-gametest-api-v1 1.2.13+1802ada577
	- fabric-item-api-v1 2.1.28+1802ada577
	- fabric-item-group-api-v1 4.0.12+1802ada577
	- fabric-key-binding-api-v1 1.0.37+1802ada577
	- fabric-keybindings-v0 0.2.35+df3654b377
	- fabric-lifecycle-events-v1 2.2.22+1802ada577
	- fabric-loot-api-v2 1.2.1+1802ada577
	- fabric-loot-tables-v1 1.1.45+9e7660c677
	- fabric-message-api-v1 5.1.9+1802ada577
	- fabric-mining-level-api-v1 2.1.50+1802ada577
	- fabric-model-loading-api-v1 1.0.3+1802ada577
	- fabric-models-v0 0.4.2+9386d8a777
	- fabric-networking-api-v1 1.3.11+1802ada577
	- fabric-networking-v0 0.3.51+df3654b377
	- fabric-object-builder-api-v1 11.1.3+1802ada577
	- fabric-particles-v1 1.1.2+1802ada577
	- fabric-recipe-api-v1 1.0.21+1802ada577
	- fabric-registry-sync-v0 2.3.3+1802ada577
	- fabric-renderer-api-v1 3.2.1+1802ada577
	- fabric-renderer-indigo 1.5.1+1802ada577
	- fabric-renderer-registries-v1 3.2.46+df3654b377
	- fabric-rendering-data-attachment-v1 0.3.37+92a0d36777
	- fabric-rendering-fluids-v1 3.0.28+1802ada577
	- fabric-rendering-v0 1.1.49+df3654b377
	- fabric-rendering-v1 3.0.8+1802ada577
	- fabric-resource-conditions-api-v1 2.3.8+1802ada577
	- fabric-resource-loader-v0 0.11.10+1802ada577
	- fabric-screen-api-v1 2.0.8+1802ada577
	- fabric-screen-handler-api-v1 1.3.30+1802ada577
	- fabric-sound-api-v1 1.0.13+1802ada577
	- fabric-transfer-api-v1 3.3.4+1802ada577
	- fabric-transitive-access-wideners-v1 4.3.1+1802ada577
	- fabricloader 0.15.7
	- flywheel 0.6.10-2
	- forgeconfigapiport 8.0.0
	- java 17
	- jei 15.3.0.4
	- lazydfu 0.1.3
	- milk 1.2.60
	- minecraft 1.20.1
	- mixinextras 0.3.5
	- modmenu 7.2.2
	- porting_lib_accessors 2.3.0+1.20.1
	- porting_lib_attributes 2.3.0+1.20.1
	- porting_lib_base 2.3.0+1.20.1
	- porting_lib_brewing 2.3.0+1.20.1
	- porting_lib_client_events 2.3.0+1.20.1
	- porting_lib_common 2.3.0+1.20.1
	- porting_lib_core 2.3.0+1.20.1
	- porting_lib_data 2.1.1090+1.20
	- porting_lib_entity 2.3.0+1.20.1
	- porting_lib_extensions 2.3.0+1.20.1
	- porting_lib_fluids 2.3.0+1.20.1
	- porting_lib_lazy_registration 2.3.0+1.20.1
	- porting_lib_mixin_extensions 2.3.0+1.20.1
	- porting_lib_model_generators 2.1.1090+1.20
	- porting_lib_model_loader 2.3.0+1.20.1
	- porting_lib_model_materials 2.1.1090+1.20
	- porting_lib_models 2.3.0+1.20.1
	- porting_lib_networking 2.3.0+1.20.1
	- porting_lib_obj_loader 2.3.0+1.20.1
	- porting_lib_tags 3.0
	- porting_lib_tool_actions 2.3.0+1.20.1
	- porting_lib_transfer 2.3.0+1.20.1
	- porting_lib_utility 2.3.0+1.20.1
	- reach-entity-attributes 2.4.0
	- registrate-fabric 1.3.62-MC1.20.1
[12:03:10] [main/INFO] (FabricLoader/Mixin) SpongePowered MIXIN Subsystem Version=0.8.5 Source=file:/C:/Users/Samme/.gradle/caches/modules-2/files-2.1/net.fabricmc/sponge-mixin/0.12.5+mixin.0.8.5/8d31fb97c3e0cd7c8dad3441851c523bcfae6d8e/sponge-mixin-0.12.5+mixin.0.8.5.jar Service=Knot/Fabric Env=CLIENT
[12:03:10] [main/INFO] (FabricLoader/Mixin) Loaded Fabric development mappings for mixin remapper!
[12:03:10] [main/INFO] (FabricLoader/Mixin) Compatibility level set to JAVA_16
[12:03:10] [main/INFO] (FabricLoader/Mixin) Compatibility level set to JAVA_17
[12:03:11] [main/WARN] (FabricLoader/Mixin) Error loading class: io/vram/frex/base/renderer/context/render/EntityBlockRenderContext (java.lang.ClassNotFoundException: io/vram/frex/base/renderer/context/render/EntityBlockRenderContext)
[12:03:11] [main/WARN] (FabricLoader/Mixin) @Mixin target io.vram.frex.base.renderer.context.render.EntityBlockRenderContext was not found porting_lib_base.mixins.json:client.frex.EntityBlockRenderContextMixin from mod porting_lib_base
[12:03:11] [main/INFO] (FabricLoader/MixinExtras|Service) Initializing MixinExtras via com.llamalad7.mixinextras.service.MixinExtrasServiceImpl(version=0.3.5).
[12:03:14] [main/WARN] (FabricLoader/Mixin) @Inject(@At("INVOKE")) Shift.BY=2 on porting_lib_entity.mixins.json:common.LivingEntityMixin from mod porting_lib_entity::handler$bbg000$porting_lib_entity$port_lib$onFinishUsing exceeds the maximum allowed value: 0. Increase the value of maxShiftBy to suppress this warning.
[12:03:19] [Render thread/INFO] (Minecraft) Environment: authHost='https://authserver.mojang.com', accountsHost='https://api.mojang.com', sessionHost='https://sessionserver.mojang.com', servicesHost='https://api.minecraftservices.com', name='PROD'
[12:03:19] [Render thread/ERROR] (Minecraft) Failed to verify authentication
com.mojang.authlib.exceptions.InvalidCredentialsException: Status: 401
	at com.mojang.authlib.exceptions.MinecraftClientHttpException.toAuthenticationException(MinecraftClientHttpException.java:56) ~[authlib-4.0.43.jar:?]
	at com.mojang.authlib.yggdrasil.YggdrasilUserApiService.fetchProperties(YggdrasilUserApiService.java:156) ~[authlib-4.0.43.jar:?]
	at com.mojang.authlib.yggdrasil.YggdrasilUserApiService.<init>(YggdrasilUserApiService.java:55) ~[authlib-4.0.43.jar:?]
	at com.mojang.authlib.yggdrasil.YggdrasilAuthenticationService.createUserApiService(YggdrasilAuthenticationService.java:124) ~[authlib-4.0.43.jar:?]
	at net.minecraft.client.MinecraftClient.createUserApiService(MinecraftClient.java:733) ~[minecraft-merged-19bdf41278-1.20.1-net.fabricmc.yarn.1_20_1.1.20.1+build.10-v2.jar:?]
	at net.minecraft.client.MinecraftClient.<init>(MinecraftClient.java:442) ~[minecraft-merged-19bdf41278-1.20.1-net.fabricmc.yarn.1_20_1.1.20.1+build.10-v2.jar:?]
	at net.minecraft.client.main.Main.main(Main.java:211) ~[minecraft-merged-19bdf41278-1.20.1-net.fabricmc.yarn.1_20_1.1.20.1+build.10-v2.jar:?]
	at net.fabricmc.loader.impl.game.minecraft.MinecraftGameProvider.launch(MinecraftGameProvider.java:470) ~[fabric-loader-0.15.7.jar:?]
	at net.fabricmc.loader.impl.launch.knot.Knot.launch(Knot.java:74) ~[fabric-loader-0.15.7.jar:?]
	at net.fabricmc.loader.impl.launch.knot.KnotClient.main(KnotClient.java:23) ~[fabric-loader-0.15.7.jar:?]
	at net.fabricmc.devlaunchinjector.Main.main(Main.java:86) ~[dev-launch-injector-0.2.1+build.8.jar:?]
Caused by: com.mojang.authlib.exceptions.MinecraftClientHttpException: Status: 401
	at com.mojang.authlib.minecraft.client.MinecraftClient.readInputStream(MinecraftClient.java:85) ~[authlib-4.0.43.jar:?]
	at com.mojang.authlib.minecraft.client.MinecraftClient.get(MinecraftClient.java:48) ~[authlib-4.0.43.jar:?]
	at com.mojang.authlib.yggdrasil.YggdrasilUserApiService.fetchProperties(YggdrasilUserApiService.java:129) ~[authlib-4.0.43.jar:?]
	... 9 more
[12:03:19] [Render thread/INFO] (Minecraft) Setting user: Player235
[12:03:22] [Render thread/WARN] (Forge Config API Port) Configuration file E:\Coding\Blockrail\BlockRail-Fabric\run\config\create-common.toml is not correct. Correcting
[12:03:22] [Render thread/WARN] (Forge Config API Port) Incorrect key worldgen was corrected from null to its default, SimpleCommentedConfig:{}. 
[12:03:22] [Render thread/WARN] (Forge Config API Port) Incorrect key worldgen.disableWorldGen was corrected from null to its default, false. 
[12:03:22] [Render thread/WARN] (Forge Config API Port) Configuration file E:\Coding\Blockrail\BlockRail-Fabric\run\config\create-client.toml is not correct. Correcting
[12:03:22] [Render thread/WARN] (Forge Config API Port) Incorrect key client was corrected from null to its default, SimpleCommentedConfig:{}. 
[12:03:22] [Render thread/WARN] (Forge Config API Port) Incorrect key client.enableTooltips was corrected from null to its default, true. 
[12:03:22] [Render thread/WARN] (Forge Config API Port) Incorrect key client.enableOverstressedTooltip was corrected from null to its default, true. 
[12:03:22] [Render thread/WARN] (Forge Config API Port) Incorrect key client.explainRenderErrors was corrected from null to its default, false. 
[12:03:22] [Render thread/WARN] (Forge Config API Port) Incorrect key client.fanParticleDensity was corrected from null to its default, 0.5. 
[12:03:22] [Render thread/WARN] (Forge Config API Port) Incorrect key client.filterItemRenderDistance was corrected from null to its default, 10.0. 
[12:03:22] [Render thread/WARN] (Forge Config API Port) Incorrect key client.enableRainbowDebug was corrected from null to its default, false. 
[12:03:22] [Render thread/WARN] (Forge Config API Port) Incorrect key client.maximumContraptionLightVolume was corrected from null to its default, 16384. 
[12:03:22] [Render thread/WARN] (Forge Config API Port) Incorrect key client.mainMenuConfigButtonRow was corrected from null to its default, 2. 
[12:03:22] [Render thread/WARN] (Forge Config API Port) Incorrect key client.mainMenuConfigButtonOffsetX was corrected from null to its default, -4. 
[12:03:22] [Render thread/WARN] (Forge Config API Port) Incorrect key client.ingameMenuConfigButtonRow was corrected from null to its default, 3. 
[12:03:22] [Render thread/WARN] (Forge Config API Port) Incorrect key client.ingameMenuConfigButtonOffsetX was corrected from null to its default, -4. 
[12:03:22] [Render thread/WARN] (Forge Config API Port) Incorrect key client.ignoreFabulousWarning was corrected from null to its default, false. 
[12:03:22] [Render thread/WARN] (Forge Config API Port) Incorrect key client.fluidUnitType was corrected from null to its default, MILLIBUCKETS. 
[12:03:22] [Render thread/WARN] (Forge Config API Port) Incorrect key client.simplifyFluidUnit was corrected from null to its default, true. 
[12:03:22] [Render thread/WARN] (Forge Config API Port) Incorrect key client.toolboxHotbarOverlayOffset was corrected from null to its default, 0. 
[12:03:22] [Render thread/WARN] (Forge Config API Port) Incorrect key client.fluidFogSettings was corrected from null to its default, SimpleCommentedConfig:{}. 
[12:03:22] [Render thread/WARN] (Forge Config API Port) Incorrect key client.fluidFogSettings.honey was corrected from null to its default, 1.0. 
[12:03:22] [Render thread/WARN] (Forge Config API Port) Incorrect key client.fluidFogSettings.chocolate was corrected from null to its default, 1.0. 
[12:03:22] [Render thread/WARN] (Forge Config API Port) Incorrect key client.goggleOverlay was corrected from null to its default, SimpleCommentedConfig:{}. 
[12:03:22] [Render thread/WARN] (Forge Config API Port) Incorrect key client.goggleOverlay.overlayOffsetX was corrected from null to its default, 20. 
[12:03:22] [Render thread/WARN] (Forge Config API Port) Incorrect key client.goggleOverlay.overlayOffsetY was corrected from null to its default, 0. 
[12:03:22] [Render thread/WARN] (Forge Config API Port) Incorrect key client.goggleOverlay.customColorsOverlay was corrected from null to its default, false. 
[12:03:22] [Render thread/WARN] (Forge Config API Port) Incorrect key client.goggleOverlay.customBackgroundOverlay was corrected from null to its default, -267386864. 
[12:03:22] [Render thread/WARN] (Forge Config API Port) Incorrect key client.goggleOverlay.customBorderTopOverlay was corrected from null to its default, 1347420415. 
[12:03:22] [Render thread/WARN] (Forge Config API Port) Incorrect key client.goggleOverlay.customBorderBotOverlay was corrected from null to its default, 1344798847. 
[12:03:22] [Render thread/WARN] (Forge Config API Port) Incorrect key client.placementAssist was corrected from null to its default, SimpleCommentedConfig:{}. 
[12:03:22] [Render thread/WARN] (Forge Config API Port) Incorrect key client.placementAssist.indicatorType was corrected from null to its default, TEXTURE. 
[12:03:22] [Render thread/WARN] (Forge Config API Port) Incorrect key client.placementAssist.indicatorScale was corrected from null to its default, 1.0. 
[12:03:22] [Render thread/WARN] (Forge Config API Port) Incorrect key client.ponder was corrected from null to its default, SimpleCommentedConfig:{}. 
[12:03:22] [Render thread/WARN] (Forge Config API Port) Incorrect key client.ponder.comfyReading was corrected from null to its default, false. 
[12:03:22] [Render thread/WARN] (Forge Config API Port) Incorrect key client.ponder.editingMode was corrected from null to its default, false. 
[12:03:22] [Render thread/WARN] (Forge Config API Port) Incorrect key client.sound was corrected from null to its default, SimpleCommentedConfig:{}. 
[12:03:22] [Render thread/WARN] (Forge Config API Port) Incorrect key client.sound.enableAmbientSounds was corrected from null to its default, true. 
[12:03:22] [Render thread/WARN] (Forge Config API Port) Incorrect key client.sound.ambientVolumeCap was corrected from null to its default, 0.10000000149011612. 
[12:03:22] [Render thread/WARN] (Forge Config API Port) Incorrect key client.trains was corrected from null to its default, SimpleCommentedConfig:{}. 
[12:03:22] [Render thread/WARN] (Forge Config API Port) Incorrect key client.trains.mountedZoomMultiplier was corrected from null to its default, 3.0. 
[12:03:22] [Render thread/WARN] (Forge Config API Port) Incorrect key client.trains.showTrackGraphOnF3 was corrected from null to its default, false. 
[12:03:22] [Render thread/WARN] (Forge Config API Port) Incorrect key client.trains.showExtendedTrackGraphOnF3 was corrected from null to its default, false. 
[12:03:22] [Render thread/INFO] (blockrail) Loading blockrail
[12:03:22] [Render thread/INFO] (blockrail) Loading items for blockrail
[12:03:22] [Render thread/INFO] (blockrail) Loading item-groups for blockrail
[12:03:22] [Render thread/INFO] (blockrail) Loading blocks for blockrail
[12:03:22] [Render thread/INFO] (blockrail) Loading block entities for blockrail
[12:03:22] [Render thread/INFO] (blockrail) Loading tags for blockrail
[12:03:22] [Render thread/INFO] (blockrail) Loading screens for blockrail
[12:03:22] [Render thread/INFO] (blockrail) Loading trades for blockrail
[12:03:22] [Worker-Main-1/INFO] (Mod Menu/Update Checker) Checking mod updates...
[12:03:23] [Render thread/INFO] (PluginCaller) Sending ConfigManager...
[12:03:23] [Render thread/INFO] (PluginCaller) Sending ConfigManager took 2.255 ms
[12:03:23] [Render thread/INFO] (Indigo) [Indigo] Registering Indigo renderer!
[12:03:23] [Render thread/INFO] (Backend) No shaders mod detected.
[12:03:24] [Render thread/INFO] (Minecraft) Backend library: LWJGL version 3.3.1 SNAPSHOT
[12:03:25] [Render thread/INFO] (Minecraft) Reloading ResourceManager: vanilla, fabric (fabric-item-api-v1, fabric-object-builder-api-v1, porting_lib_base, modmenu, fabric-dimensions-v1, fabric-api-lookup-api-v1, fabric-rendering-v1, fabric-model-loading-api-v1, fabric-screen-api-v1, fabric-game-rule-api-v1, fabric-command-api-v2, fabricloader, fabric-loot-api-v2, fabric-loot-tables-v1, fabric-renderer-api-v1, milk, fabric-client-tags-api-v1, fabric-rendering-v0, fabric-particles-v1, fabric-entity-events-v1, fabric-content-registries-v0, fabric-block-view-api-v2, reach-entity-attributes, fabric-api-base, fabric-gametest-api-v1, fabric-containers-v0, create, fabric-biome-api-v1, fabric-key-binding-api-v1, fabric-registry-sync-v0, fabric-resource-loader-v0, fabric-command-api-v1, fabric-convention-tags-v1, fabric-item-group-api-v1, jei, fabric-rendering-data-attachment-v1, fabric-lifecycle-events-v1, fabric-events-interaction-v0, fabric-transfer-api-v1, fabric-data-attachment-api-v1, fabric-screen-handler-api-v1, fabric-blockrenderlayer-v1, porting_lib_attributes, fabric-recipe-api-v1, forgeconfigapiport, fabric-data-generation-api-v1, fabric-renderer-indigo, dripstone_fluid_lib, porting_lib_model_generators, fabric-networking-api-v1, fabric-crash-report-info-v1, flywheel, fabric-networking-v0, porting_lib_data, fabric-transitive-access-wideners-v1, fabric-mining-level-api-v1, fabric-commands-v0, lazydfu, fabric-rendering-fluids-v1, registrate-fabric, fabric-keybindings-v0, fabric-models-v0, fabric-message-api-v1, fabric-resource-conditions-api-v1, fabric-api, porting_lib_tags, blockrail, porting_lib_model_materials, fabric-sound-api-v1, fabric-events-lifecycle-v0, fabric-block-api-v1, fabric-renderer-registries-v1)
[12:03:25] [Worker-Main-13/INFO] (Minecraft) Found unifont_all_no_pua-15.0.06.hex, loading
[12:03:27] [Render thread/WARN] (Minecraft) Missing sound for event: minecraft:item.goat_horn.play
[12:03:27] [Render thread/WARN] (Minecraft) Missing sound for event: minecraft:entity.goat.screaming.horn_break
[12:03:27] [Render thread/INFO] (Minecraft) OpenAL initialized on device OpenAL Soft on Headset Earphone (CORSAIR HS80 RGB Wireless Gaming Headset)
[12:03:27] [Render thread/INFO] (Minecraft) Sound engine started
[12:03:27] [Render thread/INFO] (Minecraft) Created: 2048x1024x4 minecraft:textures/atlas/blocks.png-atlas
[12:03:27] [Render thread/INFO] (Minecraft) Created: 256x256x4 minecraft:textures/atlas/signs.png-atlas
[12:03:27] [Render thread/INFO] (Minecraft) Created: 512x512x4 minecraft:textures/atlas/banner_patterns.png-atlas
[12:03:27] [Render thread/INFO] (Minecraft) Created: 512x512x4 minecraft:textures/atlas/shield_patterns.png-atlas
[12:03:27] [Render thread/INFO] (Minecraft) Created: 1024x1024x4 minecraft:textures/atlas/armor_trims.png-atlas
[12:03:27] [Render thread/INFO] (Minecraft) Created: 256x256x4 minecraft:textures/atlas/chest.png-atlas
[12:03:27] [Render thread/INFO] (Minecraft) Created: 128x64x4 minecraft:textures/atlas/decorated_pot.png-atlas
[12:03:27] [Render thread/INFO] (Minecraft) Created: 512x256x4 minecraft:textures/atlas/beds.png-atlas
[12:03:27] [Render thread/INFO] (Minecraft) Created: 512x256x4 minecraft:textures/atlas/shulker_boxes.png-atlas
[12:03:27] [Render thread/WARN] (Minecraft) Shader rendertype_entity_translucent_emissive could not find sampler named Sampler2 in the specified shader program.
[12:03:27] [Render thread/INFO] (Minecraft) Created: 512x256x0 minecraft:textures/atlas/particles.png-atlas
[12:03:27] [Render thread/INFO] (Minecraft) Created: 256x256x0 minecraft:textures/atlas/paintings.png-atlas
[12:03:27] [Render thread/INFO] (Minecraft) Created: 128x128x0 minecraft:textures/atlas/mob_effects.png-atlas
[12:03:27] [Render thread/INFO] (Minecraft) Created: 256x128x0 jei:textures/atlas/gui.png-atlas
[12:03:28] [Render thread/INFO] (Backend) Loaded all shader sources.
[12:03:35] [Realms Notification Availability checker #1/INFO] (Minecraft) Could not authorize you against Realms server: Invalid session id
[12:04:06] [Render thread/INFO] (Minecraft) Loaded 22 recipes
[12:04:06] [Render thread/INFO] (Minecraft) Loaded 2260 advancements
[12:04:15] [Render thread/INFO] (ClientLifecycleHandler) Stopping JEI
[12:04:15] [Render thread/INFO] (JeiStarter) Stopping JEI
[12:04:15] [Render thread/INFO] (PluginCaller) Sending Runtime Unavailable...
[12:04:15] [Render thread/INFO] (FabricGuiPlugin) Stopping JEI GUI
[12:04:15] [Render thread/INFO] (PluginCaller) Sending Runtime Unavailable took 230.2 μs
[12:04:15] [Render thread/INFO] (BiomeModificationImpl) Applied 111 biome modifications to 58 of 64 new biomes in 14.18 ms
[12:04:15] [Server thread/WARN] (Forge Config API Port) Configuration file E:\Coding\Blockrail\BlockRail-Fabric\run\config\create-server.toml is not correct. Correcting
[12:04:15] [Server thread/WARN] (Forge Config API Port) Incorrect key infrastructure was corrected from null to its default, SimpleCommentedConfig:{}. 
[12:04:15] [Server thread/WARN] (Forge Config API Port) Incorrect key infrastructure.tickrateSyncTimer was corrected from null to its default, 20. 
[12:04:15] [Server thread/WARN] (Forge Config API Port) Incorrect key recipes was corrected from null to its default, SimpleCommentedConfig:{}. 
[12:04:15] [Server thread/WARN] (Forge Config API Port) Incorrect key recipes.bulkPressing was corrected from null to its default, false. 
[12:04:15] [Server thread/WARN] (Forge Config API Port) Incorrect key recipes.bulkCutting was corrected from null to its default, false. 
[12:04:15] [Server thread/WARN] (Forge Config API Port) Incorrect key recipes.allowBrewingInMixer was corrected from null to its default, true. 
[12:04:15] [Server thread/WARN] (Forge Config API Port) Incorrect key recipes.allowShapelessInMixer was corrected from null to its default, true. 
[12:04:15] [Server thread/WARN] (Forge Config API Port) Incorrect key recipes.allowShapedSquareInPress was corrected from null to its default, true. 
[12:04:15] [Server thread/WARN] (Forge Config API Port) Incorrect key recipes.allowRegularCraftingInCrafter was corrected from null to its default, true. 
[12:04:15] [Server thread/WARN] (Forge Config API Port) Incorrect key recipes.maxFireworkIngredientsInCrafter was corrected from null to its default, 9. 
[12:04:15] [Server thread/WARN] (Forge Config API Port) Incorrect key recipes.allowStonecuttingOnSaw was corrected from null to its default, true. 
[12:04:15] [Server thread/WARN] (Forge Config API Port) Incorrect key recipes.allowWoodcuttingOnSaw was corrected from null to its default, true. 
[12:04:15] [Server thread/WARN] (Forge Config API Port) Incorrect key recipes.allowCastingBySpout was corrected from null to its default, true. 
[12:04:15] [Server thread/WARN] (Forge Config API Port) Incorrect key recipes.allowFillingBySpout was corrected from null to its default, true. 
[12:04:15] [Server thread/WARN] (Forge Config API Port) Incorrect key recipes.displayLogStrippingRecipes was corrected from null to its default, true. 
[12:04:15] [Server thread/WARN] (Forge Config API Port) Incorrect key recipes.lightSourceCountForRefinedRadiance was corrected from null to its default, 10. 
[12:04:15] [Server thread/WARN] (Forge Config API Port) Incorrect key recipes.enableRefinedRadianceRecipe was corrected from null to its default, true. 
[12:04:15] [Server thread/WARN] (Forge Config API Port) Incorrect key recipes.enableShadowSteelRecipe was corrected from null to its default, true. 
[12:04:15] [Server thread/WARN] (Forge Config API Port) Incorrect key kinetics was corrected from null to its default, SimpleCommentedConfig:{}. 
[12:04:15] [Server thread/WARN] (Forge Config API Port) Incorrect key kinetics.disableStress was corrected from null to its default, false. 
[12:04:15] [Server thread/WARN] (Forge Config API Port) Incorrect key kinetics.maxBeltLength was corrected from null to its default, 20. 
[12:04:15] [Server thread/WARN] (Forge Config API Port) Incorrect key kinetics.crushingDamage was corrected from null to its default, 4. 
[12:04:15] [Server thread/WARN] (Forge Config API Port) Incorrect key kinetics.maxRotationSpeed was corrected from null to its default, 256. 
[12:04:15] [Server thread/WARN] (Forge Config API Port) Incorrect key kinetics.ignoreDeployerAttacks was corrected from null to its default, CREEPERS. 
[12:04:15] [Server thread/WARN] (Forge Config API Port) Incorrect key kinetics.kineticValidationFrequency was corrected from null to its default, 60. 
[12:04:15] [Server thread/WARN] (Forge Config API Port) Incorrect key kinetics.crankHungerMultiplier was corrected from null to its default, 0.009999999776482582. 
[12:04:15] [Server thread/WARN] (Forge Config API Port) Incorrect key kinetics.minimumWindmillSails was corrected from null to its default, 8. 
[12:04:15] [Server thread/WARN] (Forge Config API Port) Incorrect key kinetics.windmillSailsPerRPM was corrected from null to its default, 8. 
[12:04:15] [Server thread/WARN] (Forge Config API Port) Incorrect key kinetics.maxEjectorDistance was corrected from null to its default, 32. 
[12:04:15] [Server thread/WARN] (Forge Config API Port) Incorrect key kinetics.ejectorScanInterval was corrected from null to its default, 120. 
[12:04:15] [Server thread/WARN] (Forge Config API Port) Incorrect key kinetics.encasedFan was corrected from null to its default, SimpleCommentedConfig:{}. 
[12:04:15] [Server thread/WARN] (Forge Config API Port) Incorrect key kinetics.encasedFan.fanPushDistance was corrected from null to its default, 20. 
[12:04:15] [Server thread/WARN] (Forge Config API Port) Incorrect key kinetics.encasedFan.fanPullDistance was corrected from null to its default, 20. 
[12:04:15] [Server thread/WARN] (Forge Config API Port) Incorrect key kinetics.encasedFan.fanBlockCheckRate was corrected from null to its default, 30. 
[12:04:15] [Server thread/WARN] (Forge Config API Port) Incorrect key kinetics.encasedFan.fanRotationArgmax was corrected from null to its default, 256. 
[12:04:15] [Server thread/WARN] (Forge Config API Port) Incorrect key kinetics.encasedFan.fanProcessingTime was corrected from null to its default, 150. 
[12:04:15] [Server thread/WARN] (Forge Config API Port) Incorrect key kinetics.contraptions was corrected from null to its default, SimpleCommentedConfig:{}. 
[12:04:15] [Server thread/WARN] (Forge Config API Port) Incorrect key kinetics.contraptions.maxBlocksMoved was corrected from null to its default, 2048. 
[12:04:15] [Server thread/WARN] (Forge Config API Port) Incorrect key kinetics.contraptions.maxDataSize was corrected from null to its default, 2000000. 
[12:04:15] [Server thread/WARN] (Forge Config API Port) Incorrect key kinetics.contraptions.maxChassisRange was corrected from null to its default, 16. 
[12:04:15] [Server thread/WARN] (Forge Config API Port) Incorrect key kinetics.contraptions.maxPistonPoles was corrected from null to its default, 64. 
[12:04:15] [Server thread/WARN] (Forge Config API Port) Incorrect key kinetics.contraptions.maxRopeLength was corrected from null to its default, 256. 
[12:04:15] [Server thread/WARN] (Forge Config API Port) Incorrect key kinetics.contraptions.maxCartCouplingLength was corrected from null to its default, 32. 
[12:04:15] [Server thread/WARN] (Forge Config API Port) Incorrect key kinetics.contraptions.rollerFillDepth was corrected from null to its default, 12. 
[12:04:15] [Server thread/WARN] (Forge Config API Port) Incorrect key kinetics.contraptions.survivalContraptionPickup was corrected from null to its default, true. 
[12:04:15] [Server thread/WARN] (Forge Config API Port) Incorrect key kinetics.contraptions.contraptionPlacing was corrected from null to its default, true. 
[12:04:15] [Server thread/WARN] (Forge Config API Port) Incorrect key kinetics.contraptions.movableSpawners was corrected from null to its default, NO_PICKUP. 
[12:04:15] [Server thread/WARN] (Forge Config API Port) Incorrect key kinetics.contraptions.amethystMovement was corrected from null to its default, NO_PICKUP. 
[12:04:15] [Server thread/WARN] (Forge Config API Port) Incorrect key kinetics.contraptions.movableObsidian was corrected from null to its default, UNMOVABLE. 
[12:04:15] [Server thread/WARN] (Forge Config API Port) Incorrect key kinetics.contraptions.movableReinforcedDeepslate was corrected from null to its default, UNMOVABLE. 
[12:04:15] [Server thread/WARN] (Forge Config API Port) Incorrect key kinetics.contraptions.moveItemsToStorage was corrected from null to its default, true. 
[12:04:15] [Server thread/WARN] (Forge Config API Port) Incorrect key kinetics.contraptions.harvestPartiallyGrown was corrected from null to its default, false. 
[12:04:15] [Server thread/WARN] (Forge Config API Port) Incorrect key kinetics.contraptions.harvesterReplants was corrected from null to its default, true. 
[12:04:15] [Server thread/WARN] (Forge Config API Port) Incorrect key kinetics.contraptions.minecartContraptionInContainers was corrected from null to its default, false. 
[12:04:15] [Server thread/WARN] (Forge Config API Port) Incorrect key kinetics.stats was corrected from null to its default, SimpleCommentedConfig:{}. 
[12:04:15] [Server thread/WARN] (Forge Config API Port) Incorrect key kinetics.stats.mediumSpeed was corrected from null to its default, 30.0. 
[12:04:15] [Server thread/WARN] (Forge Config API Port) Incorrect key kinetics.stats.fastSpeed was corrected from null to its default, 100.0. 
[12:04:15] [Server thread/WARN] (Forge Config API Port) Incorrect key kinetics.stats.mediumStressImpact was corrected from null to its default, 4.0. 
[12:04:15] [Server thread/WARN] (Forge Config API Port) Incorrect key kinetics.stats.highStressImpact was corrected from null to its default, 8.0. 
[12:04:15] [Server thread/WARN] (Forge Config API Port) Incorrect key kinetics.stats.mediumCapacity was corrected from null to its default, 256.0. 
[12:04:15] [Server thread/WARN] (Forge Config API Port) Incorrect key kinetics.stats.highCapacity was corrected from null to its default, 1024.0. 
[12:04:15] [Server thread/WARN] (Forge Config API Port) Incorrect key kinetics.stressValues was corrected from null to its default, SimpleCommentedConfig:{}. 
[12:04:15] [Server thread/WARN] (Forge Config API Port) Incorrect key kinetics.stressValues.v2 was corrected from null to its default, SimpleCommentedConfig:{}. 
[12:04:15] [Server thread/WARN] (Forge Config API Port) Incorrect key kinetics.stressValues.v2.impact was corrected from null to its default, SimpleCommentedConfig:{}. 
[12:04:15] [Server thread/WARN] (Forge Config API Port) Incorrect key kinetics.stressValues.v2.impact.display_board was corrected from null to its default, 0.0. 
[12:04:15] [Server thread/WARN] (Forge Config API Port) Incorrect key kinetics.stressValues.v2.impact.deployer was corrected from null to its default, 4.0. 
[12:04:15] [Server thread/WARN] (Forge Config API Port) Incorrect key kinetics.stressValues.v2.impact.mechanical_piston was corrected from null to its default, 4.0. 
[12:04:15] [Server thread/WARN] (Forge Config API Port) Incorrect key kinetics.stressValues.v2.impact.millstone was corrected from null to its default, 4.0. 
[12:04:15] [Server thread/WARN] (Forge Config API Port) Incorrect key kinetics.stressValues.v2.impact.mechanical_bearing was corrected from null to its default, 4.0. 
[12:04:15] [Server thread/WARN] (Forge Config API Port) Incorrect key kinetics.stressValues.v2.impact.clockwork_bearing was corrected from null to its default, 4.0. 
[12:04:15] [Server thread/WARN] (Forge Config API Port) Incorrect key kinetics.stressValues.v2.impact.cuckoo_clock was corrected from null to its default, 1.0. 
[12:04:15] [Server thread/WARN] (Forge Config API Port) Incorrect key kinetics.stressValues.v2.impact.speedometer was corrected from null to its default, 0.0. 
[12:04:15] [Server thread/WARN] (Forge Config API Port) Incorrect key kinetics.stressValues.v2.impact.copper_backtank was corrected from null to its default, 4.0. 
[12:04:15] [Server thread/WARN] (Forge Config API Port) Incorrect key kinetics.stressValues.v2.impact.mechanical_saw was corrected from null to its default, 4.0. 
[12:04:15] [Server thread/WARN] (Forge Config API Port) Incorrect key kinetics.stressValues.v2.impact.flywheel was corrected from null to its default, 0.0. 
[12:04:15] [Server thread/WARN] (Forge Config API Port) Incorrect key kinetics.stressValues.v2.impact.encased_chain_drive was corrected from null to its default, 0.0. 
[12:04:15] [Server thread/WARN] (Forge Config API Port) Incorrect key kinetics.stressValues.v2.impact.clutch was corrected from null to its default, 0.0. 
[12:04:15] [Server thread/WARN] (Forge Config API Port) Incorrect key kinetics.stressValues.v2.impact.encased_fan was corrected from null to its default, 2.0. 
[12:04:15] [Server thread/WARN] (Forge Config API Port) Incorrect key kinetics.stressValues.v2.impact.adjustable_chain_gearshift was corrected from null to its default, 0.0. 
[12:04:15] [Server thread/WARN] (Forge Config API Port) Incorrect key kinetics.stressValues.v2.impact.mechanical_pump was corrected from null to its default, 4.0. 
[12:04:15] [Server thread/WARN] (Forge Config API Port) Incorrect key kinetics.stressValues.v2.impact.crushing_wheel was corrected from null to its default, 8.0. 
[12:04:15] [Server thread/WARN] (Forge Config API Port) Incorrect key kinetics.stressValues.v2.impact.mechanical_mixer was corrected from null to its default, 4.0. 
[12:04:15] [Server thread/WARN] (Forge Config API Port) Incorrect key kinetics.stressValues.v2.impact.gantry_shaft was corrected from null to its default, 0.0. 
[12:04:15] [Server thread/WARN] (Forge Config API Port) Incorrect key kinetics.stressValues.v2.impact.rope_pulley was corrected from null to its default, 4.0. 
[12:04:15] [Server thread/WARN] (Forge Config API Port) Incorrect key kinetics.stressValues.v2.impact.rotation_speed_controller was corrected from null to its default, 0.0. 
[12:04:15] [Server thread/WARN] (Forge Config API Port) Incorrect key kinetics.stressValues.v2.impact.mechanical_arm was corrected from null to its default, 2.0. 
[12:04:15] [Server thread/WARN] (Forge Config API Port) Incorrect key kinetics.stressValues.v2.impact.netherite_backtank was corrected from null to its default, 4.0. 
[12:04:15] [Server thread/WARN] (Forge Config API Port) Incorrect key kinetics.stressValues.v2.impact.andesite_encased_shaft was corrected from null to its default, 0.0. 
[12:04:15] [Server thread/WARN] (Forge Config API Port) Incorrect key kinetics.stressValues.v2.impact.mechanical_press was corrected from null to its default, 8.0. 
[12:04:15] [Server thread/WARN] (Forge Config API Port) Incorrect key kinetics.stressValues.v2.impact.large_cogwheel was corrected from null to its default, 0.0. 
[12:04:15] [Server thread/WARN] (Forge Config API Port) Incorrect key kinetics.stressValues.v2.impact.mechanical_drill was corrected from null to its default, 4.0. 
[12:04:15] [Server thread/WARN] (Forge Config API Port) Incorrect key kinetics.stressValues.v2.impact.andesite_encased_large_cogwheel was corrected from null to its default, 0.0. 
[12:04:15] [Server thread/WARN] (Forge Config API Port) Incorrect key kinetics.stressValues.v2.impact.brass_encased_large_cogwheel was corrected from null to its default, 0.0. 
[12:04:15] [Server thread/WARN] (Forge Config API Port) Incorrect key kinetics.stressValues.v2.impact.mysterious_cuckoo_clock was corrected from null to its default, 1.0. 
[12:04:15] [Server thread/WARN] (Forge Config API Port) Incorrect key kinetics.stressValues.v2.impact.stressometer was corrected from null to its default, 0.0. 
[12:04:15] [Server thread/WARN] (Forge Config API Port) Incorrect key kinetics.stressValues.v2.impact.shaft was corrected from null to its default, 0.0. 
[12:04:15] [Server thread/WARN] (Forge Config API Port) Incorrect key kinetics.stressValues.v2.impact.brass_encased_shaft was corrected from null to its default, 0.0. 
[12:04:15] [Server thread/WARN] (Forge Config API Port) Incorrect key kinetics.stressValues.v2.impact.gearshift was corrected from null to its default, 0.0. 
[12:04:15] [Server thread/WARN] (Forge Config API Port) Incorrect key kinetics.stressValues.v2.impact.turntable was corrected from null to its default, 4.0. 
[12:04:15] [Server thread/WARN] (Forge Config API Port) Incorrect key kinetics.stressValues.v2.impact.sticky_mechanical_piston was corrected from null to its default, 4.0. 
[12:04:15] [Server thread/WARN] (Forge Config API Port) Incorrect key kinetics.stressValues.v2.impact.sequenced_gearshift was corrected from null to its default, 0.0. 
[12:04:15] [Server thread/WARN] (Forge Config API Port) Incorrect key kinetics.stressValues.v2.impact.weighted_ejector was corrected from null to its default, 2.0. 
[12:04:15] [Server thread/WARN] (Forge Config API Port) Incorrect key kinetics.stressValues.v2.impact.cogwheel was corrected from null to its default, 0.0. 
[12:04:15] [Server thread/WARN] (Forge Config API Port) Incorrect key kinetics.stressValues.v2.impact.andesite_encased_cogwheel was corrected from null to its default, 0.0. 
[12:04:15] [Server thread/WARN] (Forge Config API Port) Incorrect key kinetics.stressValues.v2.impact.belt was corrected from null to its default, 0.0. 
[12:04:15] [Server thread/WARN] (Forge Config API Port) Incorrect key kinetics.stressValues.v2.impact.brass_encased_cogwheel was corrected from null to its default, 0.0. 
[12:04:15] [Server thread/WARN] (Forge Config API Port) Incorrect key kinetics.stressValues.v2.impact.gearbox was corrected from null to its default, 0.0. 
[12:04:15] [Server thread/WARN] (Forge Config API Port) Incorrect key kinetics.stressValues.v2.impact.hose_pulley was corrected from null to its default, 4.0. 
[12:04:15] [Server thread/WARN] (Forge Config API Port) Incorrect key kinetics.stressValues.v2.impact.elevator_pulley was corrected from null to its default, 4.0. 
[12:04:15] [Server thread/WARN] (Forge Config API Port) Incorrect key kinetics.stressValues.v2.impact.mechanical_crafter was corrected from null to its default, 2.0. 
[12:04:15] [Server thread/WARN] (Forge Config API Port) Incorrect key kinetics.stressValues.v2.capacity was corrected from null to its default, SimpleCommentedConfig:{}. 
[12:04:15] [Server thread/WARN] (Forge Config API Port) Incorrect key kinetics.stressValues.v2.capacity.copper_valve_handle was corrected from null to its default, 8.0. 
[12:04:15] [Server thread/WARN] (Forge Config API Port) Incorrect key kinetics.stressValues.v2.capacity.hand_crank was corrected from null to its default, 8.0. 
[12:04:15] [Server thread/WARN] (Forge Config API Port) Incorrect key kinetics.stressValues.v2.capacity.steam_engine was corrected from null to its default, 1024.0. 
[12:04:15] [Server thread/WARN] (Forge Config API Port) Incorrect key kinetics.stressValues.v2.capacity.creative_motor was corrected from null to its default, 16384.0. 
[12:04:15] [Server thread/WARN] (Forge Config API Port) Incorrect key kinetics.stressValues.v2.capacity.large_water_wheel was corrected from null to its default, 128.0. 
[12:04:15] [Server thread/WARN] (Forge Config API Port) Incorrect key kinetics.stressValues.v2.capacity.water_wheel was corrected from null to its default, 32.0. 
[12:04:15] [Server thread/WARN] (Forge Config API Port) Incorrect key kinetics.stressValues.v2.capacity.windmill_bearing was corrected from null to its default, 512.0. 
[12:04:15] [Server thread/WARN] (Forge Config API Port) Incorrect key fluids was corrected from null to its default, SimpleCommentedConfig:{}. 
[12:04:15] [Server thread/WARN] (Forge Config API Port) Incorrect key fluids.fluidTankCapacity was corrected from null to its default, 8. 
[12:04:15] [Server thread/WARN] (Forge Config API Port) Incorrect key fluids.fluidTankMaxHeight was corrected from null to its default, 32. 
[12:04:15] [Server thread/WARN] (Forge Config API Port) Incorrect key fluids.mechanicalPumpRange was corrected from null to its default, 16. 
[12:04:15] [Server thread/WARN] (Forge Config API Port) Incorrect key fluids.hosePulleyRange was corrected from null to its default, 128. 
[12:04:15] [Server thread/WARN] (Forge Config API Port) Incorrect key fluids.hosePulleyBlockThreshold was corrected from null to its default, 10000. 
[12:04:15] [Server thread/WARN] (Forge Config API Port) Incorrect key fluids.fillInfinite was corrected from null to its default, false. 
[12:04:15] [Server thread/WARN] (Forge Config API Port) Incorrect key fluids.bottomlessFluidMode was corrected from null to its default, ALLOW_BY_TAG. 
[12:04:15] [Server thread/WARN] (Forge Config API Port) Incorrect key fluids.fluidFillPlaceFluidSourceBlocks was corrected from null to its default, true. 
[12:04:15] [Server thread/WARN] (Forge Config API Port) Incorrect key fluids.pipesPlaceFluidSourceBlocks was corrected from null to its default, true. 
[12:04:15] [Server thread/WARN] (Forge Config API Port) Incorrect key logistics was corrected from null to its default, SimpleCommentedConfig:{}. 
[12:04:15] [Server thread/WARN] (Forge Config API Port) Incorrect key logistics.defaultExtractionTimer was corrected from null to its default, 8. 
[12:04:15] [Server thread/WARN] (Forge Config API Port) Incorrect key logistics.psiTimeout was corrected from null to its default, 60. 
[12:04:15] [Server thread/WARN] (Forge Config API Port) Incorrect key logistics.mechanicalArmRange was corrected from null to its default, 5. 
[12:04:15] [Server thread/WARN] (Forge Config API Port) Incorrect key logistics.linkRange was corrected from null to its default, 256. 
[12:04:15] [Server thread/WARN] (Forge Config API Port) Incorrect key logistics.displayLinkRange was corrected from null to its default, 64. 
[12:04:15] [Server thread/WARN] (Forge Config API Port) Incorrect key logistics.vaultCapacity was corrected from null to its default, 20. 
[12:04:15] [Server thread/WARN] (Forge Config API Port) Incorrect key logistics.brassTunnelTimer was corrected from null to its default, 10. 
[12:04:15] [Server thread/WARN] (Forge Config API Port) Incorrect key logistics.seatHostileMobs was corrected from null to its default, true. 
[12:04:15] [Server thread/WARN] (Forge Config API Port) Incorrect key schematics was corrected from null to its default, SimpleCommentedConfig:{}. 
[12:04:15] [Server thread/WARN] (Forge Config API Port) Incorrect key schematics.creativePrintIncludesAir was corrected from null to its default, false. 
[12:04:15] [Server thread/WARN] (Forge Config API Port) Incorrect key schematics.maxSchematics was corrected from null to its default, 256. 
[12:04:15] [Server thread/WARN] (Forge Config API Port) Incorrect key schematics.maxSchematicPacketSize was corrected from null to its default, 1024. 
[12:04:15] [Server thread/WARN] (Forge Config API Port) Incorrect key schematics.schematicIdleTimeout was corrected from null to its default, 600. 
[12:04:15] [Server thread/WARN] (Forge Config API Port) Incorrect key schematics.schematicannon was corrected from null to its default, SimpleCommentedConfig:{}. 
[12:04:15] [Server thread/WARN] (Forge Config API Port) Incorrect key schematics.schematicannon.schematicannonDelay was corrected from null to its default, 10. 
[12:04:15] [Server thread/WARN] (Forge Config API Port) Incorrect key schematics.schematicannon.schematicannonGunpowderWorth was corrected from null to its default, 20.0. 
[12:04:15] [Server thread/WARN] (Forge Config API Port) Incorrect key schematics.schematicannon.schematicannonFuelUsage was corrected from null to its default, 0.05000000074505806. 
[12:04:15] [Server thread/WARN] (Forge Config API Port) Incorrect key equipment was corrected from null to its default, SimpleCommentedConfig:{}. 
[12:04:15] [Server thread/WARN] (Forge Config API Port) Incorrect key equipment.maxSymmetryWandRange was corrected from null to its default, 50. 
[12:04:15] [Server thread/WARN] (Forge Config API Port) Incorrect key equipment.placementAssistRange was corrected from null to its default, 12. 
[12:04:15] [Server thread/WARN] (Forge Config API Port) Incorrect key equipment.toolboxRange was corrected from null to its default, 10. 
[12:04:15] [Server thread/WARN] (Forge Config API Port) Incorrect key equipment.airInBacktank was corrected from null to its default, 900. 
[12:04:15] [Server thread/WARN] (Forge Config API Port) Incorrect key equipment.enchantedBacktankCapacity was corrected from null to its default, 300. 
[12:04:15] [Server thread/WARN] (Forge Config API Port) Incorrect key equipment.maxExtendoGripActions was corrected from null to its default, 1000. 
[12:04:15] [Server thread/WARN] (Forge Config API Port) Incorrect key equipment.maxPotatoCannonShots was corrected from null to its default, 200. 
[12:04:15] [Server thread/WARN] (Forge Config API Port) Incorrect key equipment.potatoCannonWorldModification was corrected from null to its default, true. 
[12:04:15] [Server thread/WARN] (Forge Config API Port) Incorrect key trains was corrected from null to its default, SimpleCommentedConfig:{}. 
[12:04:15] [Server thread/WARN] (Forge Config API Port) Incorrect key trains.trainsCauseDamage was corrected from null to its default, true. 
[12:04:15] [Server thread/WARN] (Forge Config API Port) Incorrect key trains.maxTrackPlacementLength was corrected from null to its default, 32. 
[12:04:15] [Server thread/WARN] (Forge Config API Port) Incorrect key trains.maxAssemblyLength was corrected from null to its default, 128. 
[12:04:15] [Server thread/WARN] (Forge Config API Port) Incorrect key trains.maxBogeyCount was corrected from null to its default, 20. 
[12:04:15] [Server thread/WARN] (Forge Config API Port) Incorrect key trains.manualTrainSpeedModifier was corrected from null to its default, 0.75. 
[12:04:15] [Server thread/WARN] (Forge Config API Port) Incorrect key trains.trainStats was corrected from null to its default, SimpleCommentedConfig:{}. 
[12:04:15] [Server thread/WARN] (Forge Config API Port) Incorrect key trains.trainStats.trainTopSpeed was corrected from null to its default, 28.0. 
[12:04:15] [Server thread/WARN] (Forge Config API Port) Incorrect key trains.trainStats.trainTurningTopSpeed was corrected from null to its default, 14.0. 
[12:04:15] [Server thread/WARN] (Forge Config API Port) Incorrect key trains.trainStats.trainAcceleration was corrected from null to its default, 3.0. 
[12:04:15] [Server thread/WARN] (Forge Config API Port) Incorrect key trains.poweredTrainStats was corrected from null to its default, SimpleCommentedConfig:{}. 
[12:04:15] [Server thread/WARN] (Forge Config API Port) Incorrect key trains.poweredTrainStats.poweredTrainTopSpeed was corrected from null to its default, 40.0. 
[12:04:15] [Server thread/WARN] (Forge Config API Port) Incorrect key trains.poweredTrainStats.poweredTrainTurningTopSpeed was corrected from null to its default, 20.0. 
[12:04:15] [Server thread/WARN] (Forge Config API Port) Incorrect key trains.poweredTrainStats.poweredTrainAcceleration was corrected from null to its default, 3.0. 
[12:04:15] [Server thread/INFO] (Minecraft) Starting integrated minecraft server version 1.20.1
[12:04:15] [Server thread/INFO] (Minecraft) Generating keypair
[12:04:17] [Server thread/INFO] (Minecraft) Preparing start region for dimension minecraft:overworld
[12:04:18] [Render thread/INFO] (Minecraft) Preparing spawn area: 0%
[12:04:18] [Render thread/INFO] (Minecraft) Preparing spawn area: 0%
[12:04:18] [Render thread/INFO] (Minecraft) Preparing spawn area: 1%
[12:04:19] [Render thread/INFO] (Minecraft) Preparing spawn area: 2%
[12:04:19] [Render thread/INFO] (Minecraft) Preparing spawn area: 4%
[12:04:20] [Render thread/INFO] (Minecraft) Preparing spawn area: 8%
[12:04:20] [Render thread/INFO] (Minecraft) Preparing spawn area: 12%
[12:04:21] [Render thread/INFO] (Minecraft) Preparing spawn area: 15%
[12:04:21] [Render thread/INFO] (Minecraft) Preparing spawn area: 22%
[12:04:22] [Render thread/INFO] (Minecraft) Preparing spawn area: 27%
[12:04:22] [Render thread/INFO] (Minecraft) Preparing spawn area: 33%
[12:04:23] [Render thread/INFO] (Minecraft) Preparing spawn area: 38%
[12:04:23] [Render thread/INFO] (Minecraft) Preparing spawn area: 46%
[12:04:24] [Render thread/INFO] (Minecraft) Preparing spawn area: 53%
[12:04:24] [Render thread/INFO] (Minecraft) Preparing spawn area: 57%
[12:04:25] [Render thread/INFO] (Minecraft) Preparing spawn area: 64%
[12:04:25] [Render thread/INFO] (Minecraft) Preparing spawn area: 70%
[12:04:26] [Render thread/INFO] (Minecraft) Preparing spawn area: 75%
[12:04:26] [Render thread/INFO] (Minecraft) Preparing spawn area: 83%
[12:04:27] [Render thread/INFO] (Minecraft) Preparing spawn area: 87%
[12:04:27] [Render thread/INFO] (Minecraft) Preparing spawn area: 95%
[12:04:27] [Render thread/INFO] (Minecraft) Time elapsed: 10300 ms
[12:04:28] [Server thread/INFO] (Minecraft) Changing view distance to 12, from 10
[12:04:28] [Server thread/INFO] (Minecraft) Changing simulation distance to 12, from 0
[12:04:28] [Server thread/INFO] (Minecraft) Player235[local:E:69cad537] logged in with entity id 72 at (-115.5, 99.0, -136.5)
[12:04:28] [Server thread/INFO] (Minecraft) Player235 joined the game
[12:04:29] [Render thread/INFO] (BatchExecutor) Started 10 worker threads
[12:04:29] [Render thread/INFO] (LoggedTimer) Starting JEI...
[12:04:29] [Render thread/INFO] (PluginCaller) Registering item subtypes...
[12:04:29] [Render thread/INFO] (PluginCaller) Registering item subtypes took 5.083 ms
[12:04:29] [Render thread/INFO] (PluginCaller) Registering fluid subtypes...
[12:04:29] [Render thread/INFO] (PluginCaller) Registering fluid subtypes took 4.297 ms
[12:04:29] [Render thread/INFO] (PluginCaller) Registering ingredients...
[12:04:29] [Render thread/INFO] (PluginCallerTimerRunnable) Registering ingredients: jei:minecraft took 72.92 milliseconds
[12:04:29] [Render thread/INFO] (PluginCaller) Registering ingredients took 73.44 ms
[12:04:29] [Render thread/INFO] (PluginCaller) Registering categories...
[12:04:29] [Render thread/INFO] (PluginCallerTimerRunnable) Registering categories: jei:minecraft took 33.35 milliseconds
[12:04:29] [Render thread/INFO] (PluginCallerTimerRunnable) Registering categories: create:jei_plugin took 64.44 milliseconds
[12:04:29] [Render thread/INFO] (PluginCaller) Registering categories took 100.2 ms
[12:04:29] [Render thread/INFO] (PluginCaller) Registering vanilla category extensions...
[12:04:29] [Render thread/INFO] (PluginCaller) Registering vanilla category extensions took 4.307 ms
[12:04:29] [Render thread/INFO] (PluginCaller) Registering recipe catalysts...
[12:04:29] [Render thread/INFO] (PluginCaller) Registering recipe catalysts took 1.015 ms
[12:04:29] [Render thread/INFO] (PluginCaller) Registering advanced plugins...
[12:04:29] [Render thread/INFO] (PluginCaller) Registering advanced plugins took 194.5 μs
[12:04:29] [Render thread/INFO] (LoggedTimer) Building recipe registry...
[12:04:29] [Render thread/INFO] (LoggedTimer) Building recipe registry took 16.17 ms
[12:04:29] [Render thread/INFO] (PluginCaller) Registering recipes...
[12:04:30] [Render thread/INFO] (PluginCallerTimerRunnable) Registering recipes: jei:minecraft took 199.3 milliseconds
[12:04:30] [Render thread/INFO] (IngredientManager) Ingredients are being removed at runtime: 4 mezz.jei.api.fabric.ingredients.fluids.IJeiFluidIngredient
[12:04:30] [Render thread/INFO] (PluginCallerTimerRunnable) Registering recipes: create:jei_plugin took 161.5 milliseconds
[12:04:30] [Render thread/INFO] (PluginCaller) Registering recipes took 361.3 ms
[12:04:30] [Render thread/INFO] (PluginCaller) Registering recipes transfer handlers...
[12:04:30] [Render thread/INFO] (PluginCaller) Registering recipes transfer handlers took 7.643 ms
[12:04:30] [Render thread/INFO] (LoggedTimer) Building runtime...
[12:04:30] [Render thread/INFO] (PluginCaller) Registering gui handlers...
[12:04:30] [Render thread/INFO] (PluginCaller) Registering gui handlers took 14.22 ms
[12:04:30] [Render thread/INFO] (PluginCaller) Registering Runtime...
[12:04:30] [Render thread/INFO] (JeiGuiStarter) Starting JEI GUI
[12:04:30] [Render thread/INFO] (LoggedTimer) Building ingredient list...
[12:04:30] [Render thread/INFO] (LoggedTimer) Building ingredient list took 4.422 ms
[12:04:30] [Render thread/INFO] (LoggedTimer) Building ingredient filter...
[12:04:30] [Render thread/INFO] (IngredientFilter) Adding 2114 ingredients
[12:04:30] [Render thread/INFO] (IngredientFilter) Added 2114 ingredients
[12:04:30] [Render thread/INFO] (LoggedTimer) Building ingredient filter took 171.5 ms
[12:04:30] [Render thread/INFO] (PluginCallerTimerRunnable) Registering Runtime: jei:fabric_gui took 318.6 milliseconds
[12:04:30] [Render thread/INFO] (PluginCaller) Registering Runtime took 319.0 ms
[12:04:30] [Render thread/INFO] (LoggedTimer) Building runtime took 353.9 ms
[12:04:30] [Render thread/INFO] (PluginCaller) Sending Runtime...
[12:04:30] [Render thread/INFO] (PluginCaller) Sending Runtime took 342.5 μs
[12:04:30] [Render thread/INFO] (LoggedTimer) Starting JEI took 1.033 s
[12:04:30] [Render thread/INFO] (Minecraft) Loaded 2 advancements
[12:04:42] [Server thread/INFO] (Minecraft) Saving and pausing game...
[12:04:42] [Server thread/INFO] (Minecraft) Saving chunks for level 'ServerLevel[testingk]'/minecraft:overworld
[12:04:42] [Server thread/INFO] (Minecraft) Saving chunks for level 'ServerLevel[testingk]'/minecraft:the_nether
[12:04:42] [Server thread/INFO] (Minecraft) Saving chunks for level 'ServerLevel[testingk]'/minecraft:the_end
[12:04:43] [Server thread/INFO] (Minecraft) Saving and pausing game...
[12:04:43] [Server thread/INFO] (Minecraft) Saving chunks for level 'ServerLevel[testingk]'/minecraft:overworld
[12:04:43] [Server thread/INFO] (Minecraft) Saving chunks for level 'ServerLevel[testingk]'/minecraft:the_nether
[12:04:43] [Server thread/INFO] (Minecraft) Saving chunks for level 'ServerLevel[testingk]'/minecraft:the_end
[12:05:08] [Render thread/INFO] (Minecraft) [System] [CHAT] Can't find element 'minecraft:pl' of type 'minecraft:worldgen/biome'
[12:05:12] [Server thread/INFO] (Minecraft) Locating element minecraft:plains took 34 ms
[12:05:12] [Render thread/INFO] (Minecraft) [System] [CHAT] The nearest minecraft:plains is at [-228, 137, 153] (499 blocks away)
[12:05:15] [Server thread/INFO] (Minecraft) [Player235: Teleported Player235 to -227.500000, 137.000000, 153.500000]
[12:05:15] [Render thread/INFO] (Minecraft) [System] [CHAT] Teleported Player235 to -227.500000, 137.000000, 153.500000
[12:05:33] [Render thread/INFO] (Minecraft) Loaded 7 advancements
[12:05:48] [Server thread/INFO] (Minecraft) Saving and pausing game...
[12:05:48] [Server thread/INFO] (Minecraft) Saving chunks for level 'ServerLevel[testingk]'/minecraft:overworld
[12:05:48] [Server thread/INFO] (Minecraft) Saving chunks for level 'ServerLevel[testingk]'/minecraft:the_nether
[12:05:48] [Server thread/INFO] (Minecraft) Saving chunks for level 'ServerLevel[testingk]'/minecraft:the_end
